Content-Type: multipart/alternative;
 boundary="===============2258700582920318076=="
MIME-Version: 1.0
Subject: Profile activation
From: test@example.com
To: toms63@yahoo.com
Date: Sat, 08 Feb 2020 23:42:47 -0000
Message-ID: <158120536705.75329.5183997019938362320@PowerDEV-MACs-iMac.local>

--===============2258700582920318076==
Content-Type: text/plain; charset="utf-8"
MIME-Version: 1.0
Content-Transfer-Encoding: 7bit



To activate your profile, please follow this link:

http://127.0.0.1:8000/accounts/activate/ojNgzwV9tAwpnZ4oqRmv/

--===============2258700582920318076==
Content-Type: text/html; charset="utf-8"
MIME-Version: 1.0
Content-Transfer-Encoding: 7bit



<!DOCTYPE html PUBLIC "-//W3C//DTD XHTML 1.0 Transitional//EN"
        "http://www.w3.org/TR/xhtml1/DTD/xhtml1-transitional.dtd">
<html xmlns="http://www.w3.org/1999/xhtml">
<head>
    <meta http-equiv="Content-Type" content="text/html; charset=UTF-8"/>
    <title>Profile activation</title>
    <meta name="viewport" content="width=device-width, initial-scale=1.0"/>
</head>

<body>

<p>
    To activate your profile, please follow this link:
</p>

<p>
    <a href="http://127.0.0.1:8000/accounts/activate/ojNgzwV9tAwpnZ4oqRmv/">http://127.0.0.1:8000/accounts/activate/ojNgzwV9tAwpnZ4oqRmv/</a>
</p>

</body>

</html>

--===============2258700582920318076==--

-------------------------------------------------------------------------------
